Change Component Physical Designator: Old Designator=C1 New Designator=C2
Change Component Physical Designator: Old Designator=C1 New Designator=C6
Change Component Physical Designator: Old Designator=C1 New Designator=C7
Change Component Physical Designator: Old Designator=C1 New Designator=C18
Change Component Physical Designator: Old Designator=C2 New Designator=C3
Change Component Physical Designator: Old Designator=C2 New Designator=C8
Change Component Physical Designator: Old Designator=C2 New Designator=C19
Change Component Physical Designator: Old Designator=C3 New Designator=C9
Change Component Physical Designator: Old Designator=C4 New Designator=C10
Change Component Physical Designator: Old Designator=C5 New Designator=C11
Change Component Physical Designator: Old Designator=C6 New Designator=C5
Change Component Physical Designator: Old Designator=C6 New Designator=C12
Change Component Physical Designator: Old Designator=C7 New Designator=C13
Change Component Physical Designator: Old Designator=C8 New Designator=C14
Change Component Physical Designator: Old Designator=C9 New Designator=C15
Change Component Physical Designator: Old Designator=C10 New Designator=C16
Change Component Physical Designator: Old Designator=C11 New Designator=C17
Change Component Physical Designator: Old Designator=D1 New Designator=D2
Change Component Physical Designator: Old Designator=D2 New Designator=D3
Change Component Physical Designator: Old Designator=D3 New Designator=D4
Change Component Physical Designator: Old Designator=D4 New Designator=D5
Change Component Physical Designator: Old Designator=D5 New Designator=D6
Change Component Physical Designator: Old Designator=D6 New Designator=D7
Change Component Physical Designator: Old Designator=D7 New Designator=D8
Change Component Physical Designator: Old Designator=D8 New Designator=D9
Change Component Physical Designator: Old Designator=P1 New Designator=P2
Change Component Physical Designator: Old Designator=P1 New Designator=P4
Change Component Physical Designator: Old Designator=P2 New Designator=P3
Change Component Physical Designator: Old Designator=P2 New Designator=P5
Change Component Physical Designator: Old Designator=P3 New Designator=P6
Change Component Physical Designator: Old Designator=P4 New Designator=P7
Change Component Physical Designator: Old Designator=P5 New Designator=P8
Change Component Physical Designator: Old Designator=P6 New Designator=P9
Change Component Physical Designator: Old Designator=P7 New Designator=P10
Change Component Physical Designator: Old Designator=P8 New Designator=P11
Change Component Physical Designator: Old Designator=R1 New Designator=R5
Change Component Physical Designator: Old Designator=R1 New Designator=R10
Change Component Physical Designator: Old Designator=R1 New Designator=R11
Change Component Physical Designator: Old Designator=R1 New Designator=R12
Change Component Physical Designator: Old Designator=R1 New Designator=R14
Change Component Physical Designator: Old Designator=R2 New Designator=R6
Change Component Physical Designator: Old Designator=R2 New Designator=R13
Change Component Physical Designator: Old Designator=R2 New Designator=R15
Change Component Physical Designator: Old Designator=R3 New Designator=R2
Change Component Physical Designator: Old Designator=R3 New Designator=R7
Change Component Physical Designator: Old Designator=R3 New Designator=R16
Change Component Physical Designator: Old Designator=R4 New Designator=R3
Change Component Physical Designator: Old Designator=R4 New Designator=R8
Change Component Physical Designator: Old Designator=R4 New Designator=R17
Change Component Physical Designator: Old Designator=R5 New Designator=R4
Change Component Physical Designator: Old Designator=R5 New Designator=R9
Change Component Physical Designator: Old Designator=R5 New Designator=R18
Change Component Physical Designator: Old Designator=R6 New Designator=R19
Change Component Physical Designator: Old Designator=R7 New Designator=R20
Change Component Physical Designator: Old Designator=R8 New Designator=R21
Change Component Physical Designator: Old Designator=R9 New Designator=R22
Change Component Physical Designator: Old Designator=R10 New Designator=R23
Change Component Physical Designator: Old Designator=U1 New Designator=U4
Change Component Physical Designator: Old Designator=U1 New Designator=U4
Change Component Physical Designator: Old Designator=U1 New Designator=U2
Change Component Physical Designator: Old Designator=U1 New Designator=U3
Change Component Physical Designator: Old Designator=U1 New Designator=U5
