Added Component: Designator=*1(TQFP80P1600X1600X120-64N)
Added Component: Designator=C1(C0603)
Added Component: Designator=C2(EEEHC1H2R2R)
Added Component: Designator=C3(C0603)
Added Component: Designator=C4(C0603)
Added Component: Designator=C5(C0805)
Added Component: Designator=C6(C0805)
Added Component: Designator=C7(C0603)
Added Component: Designator=C8(C0603)
Added Component: Designator=C9(RAD-0.3)
Added Component: Designator=C10(RAD-0.3)
Added Component: Designator=C11(RAD-0.3)
Added Component: Designator=C12(RAD-0.3)
Added Component: Designator=C13(RAD-0.3)
Added Component: Designator=C14(RAD-0.3)
Added Component: Designator=C15(RAD-0.3)
Added Component: Designator=C16(RAD-0.3)
Added Component: Designator=C17(RAD-0.3)
Added Component: Designator=C18(RAD-0.3)
Added Component: Designator=C19(RAD-0.3)
Added Component: Designator=C20(RAD-0.3)
Added Component: Designator=C21(RAD-0.3)
Added Component: Designator=C22(RAD-0.3)
Added Component: Designator=C23(RAD-0.3)
Added Component: Designator=D1(VS-10BQ030TRPBF)
Added Component: Designator=D2(VS-10BQ030TRPBF)
Added Component: Designator=D3(SML-01 (ROHM LED SERIES))
Added Component: Designator=D4(SMB)
Added Component: Designator=D5(SML-01 (ROHM LED SERIES))
Added Component: Designator=D6(SMB)
Added Component: Designator=D7(SML-01 (ROHM LED SERIES))
Added Component: Designator=D8(SMB)
Added Component: Designator=L1(SDR0604-150YL)
Added Component: Designator=L2(SDR0604-150YL)
Added Component: Designator=L3(0402-A)
Added Component: Designator=L4(0402-A)
Added Component: Designator=L5(0402-A)
Added Component: Designator=P1(FTSH-105-01-L-DV)
Added Component: Designator=P2(S04B-PASK-2)
Added Component: Designator=P3(S04B-PASK-2)
Added Component: Designator=Q1(E3)
Added Component: Designator=Q2(E3)
Added Component: Designator=Q3(E3)
Added Component: Designator=R1(R0603)
Added Component: Designator=R2(R0603)
Added Component: Designator=R3(R0603)
Added Component: Designator=R4(R0603)
Added Component: Designator=R5(R0603)
Added Component: Designator=R6(R0603)
Added Component: Designator=R7(R0603)
Added Component: Designator=R8(R0603)
Added Component: Designator=R9(R0603)
Added Component: Designator=R10(R0603)
Added Component: Designator=R11(R0603)
Added Component: Designator=R12(R0603)
Added Component: Designator=R13(AXIAL-0.4)
Added Component: Designator=R14(AXIAL-0.4)
Added Component: Designator=R15(AXIAL-0.3)
Added Component: Designator=R16(AXIAL-0.4)
Added Component: Designator=R17(AXIAL-0.4)
Added Component: Designator=R18(AXIAL-0.4)
Added Component: Designator=R19(AXIAL-0.4)
Added Component: Designator=R20(AXIAL-0.3)
Added Component: Designator=R21(AXIAL-0.4)
Added Component: Designator=R22(AXIAL-0.4)
Added Component: Designator=R23(AXIAL-0.4)
Added Component: Designator=R24(AXIAL-0.4)
Added Component: Designator=R25(AXIAL-0.3)
Added Component: Designator=R26(AXIAL-0.4)
Added Component: Designator=R27(AXIAL-0.4)
Added Component: Designator=U1(MCP2551)
Added Component: Designator=U2(LT3509)
Added Component: Designator=U3(10eMSOP + thermal pad - LM3409)
Added Component: Designator=U4(10eMSOP + thermal pad - LM3409)
Added Component: Designator=U5(10eMSOP + thermal pad - LM3409)
Added Pin To Net: NetName=+3.3 Pin=C5-1
Added Pin To Net: NetName=+3.3 Pin=L1-1
Added Pin To Net: NetName=+3.3 Pin=P1-1
Added Pin To Net: NetName=+3.3 Pin=R1-2
Added Pin To Net: NetName=+3.3 Pin=R2-2
Added Pin To Net: NetName=+3.3 Pin=R3-2
Added Pin To Net: NetName=+3.3 Pin=R4-2
Added Pin To Net: NetName=+3.3 Pin=R5-2
Added Pin To Net: NetName=+3.3 Pin=R8-2
Added Net: Name=+3.3
Added Pin To Net: NetName=+5 Pin=C1-1
Added Pin To Net: NetName=+5 Pin=C6-1
Added Pin To Net: NetName=+5 Pin=L2-2
Added Pin To Net: NetName=+5 Pin=R9-2
Added Pin To Net: NetName=+5 Pin=U1-3
Added Pin To Net: NetName=+5 Pin=U2-13
Added Net: Name=+5
Added Pin To Net: NetName=+5V Pin=*1-21
Added Pin To Net: NetName=+5V Pin=*1-52
Added Pin To Net: NetName=+5V Pin=*1-64
Added Net: Name=+5V
Added Pin To Net: NetName=GND Pin=*1-22
Added Pin To Net: NetName=GND Pin=*1-53
Added Pin To Net: NetName=GND Pin=*1-63
Added Pin To Net: NetName=GND Pin=C1-2
Added Pin To Net: NetName=GND Pin=C2-2
Added Pin To Net: NetName=GND Pin=C5-2
Added Pin To Net: NetName=GND Pin=C6-2
Added Pin To Net: NetName=GND Pin=C7-2
Added Pin To Net: NetName=GND Pin=C8-2
Added Pin To Net: NetName=GND Pin=C10-1
Added Pin To Net: NetName=GND Pin=C11-2
Added Pin To Net: NetName=GND Pin=C12-2
Added Pin To Net: NetName=GND Pin=C13-1
Added Pin To Net: NetName=GND Pin=C15-1
Added Pin To Net: NetName=GND Pin=C16-2
Added Pin To Net: NetName=GND Pin=C17-2
Added Pin To Net: NetName=GND Pin=C18-1
Added Pin To Net: NetName=GND Pin=C20-1
Added Pin To Net: NetName=GND Pin=C21-2
Added Pin To Net: NetName=GND Pin=C22-2
Added Pin To Net: NetName=GND Pin=C23-1
Added Pin To Net: NetName=GND Pin=D3-2
Added Pin To Net: NetName=GND Pin=D4-1
Added Pin To Net: NetName=GND Pin=D5-2
Added Pin To Net: NetName=GND Pin=D6-1
Added Pin To Net: NetName=GND Pin=D7-2
Added Pin To Net: NetName=GND Pin=D8-1
Added Pin To Net: NetName=GND Pin=P1-3
Added Pin To Net: NetName=GND Pin=P1-5
Added Pin To Net: NetName=GND Pin=P1-9
Added Pin To Net: NetName=GND Pin=P2-1
Added Pin To Net: NetName=GND Pin=P3-1
Added Pin To Net: NetName=GND Pin=R7-1
Added Pin To Net: NetName=GND Pin=R10-1
Added Pin To Net: NetName=GND Pin=R11-1
Added Pin To Net: NetName=GND Pin=R12-1
Added Pin To Net: NetName=GND Pin=R14-1
Added Pin To Net: NetName=GND Pin=R19-1
Added Pin To Net: NetName=GND Pin=R24-1
Added Pin To Net: NetName=GND Pin=U1-2
Added Pin To Net: NetName=GND Pin=U2-12
Added Pin To Net: NetName=GND Pin=U2-14
Added Pin To Net: NetName=GND Pin=U2-17
Added Pin To Net: NetName=GND Pin=U3-5
Added Pin To Net: NetName=GND Pin=U3-11
Added Pin To Net: NetName=GND Pin=U4-5
Added Pin To Net: NetName=GND Pin=U4-11
Added Pin To Net: NetName=GND Pin=U5-5
Added Pin To Net: NetName=GND Pin=U5-11
Added Net: Name=GND
Added Pin To Net: NetName=Net*1_15 Pin=*1-15
Added Pin To Net: NetName=Net*1_15 Pin=R15-1
Added Net: Name=Net*1_15
Added Pin To Net: NetName=Net*1_16 Pin=*1-16
Added Pin To Net: NetName=Net*1_16 Pin=R20-1
Added Net: Name=Net*1_16
Added Pin To Net: NetName=Net*1_17 Pin=*1-17
Added Pin To Net: NetName=Net*1_17 Pin=R25-1
Added Net: Name=Net*1_17
Added Pin To Net: NetName=Net*1_30 Pin=*1-30
Added Pin To Net: NetName=Net*1_30 Pin=U1-1
Added Net: Name=Net*1_30
Added Pin To Net: NetName=Net*1_31 Pin=*1-31
Added Pin To Net: NetName=Net*1_31 Pin=U1-4
Added Net: Name=Net*1_31
Added Pin To Net: NetName=Net*1_35 Pin=*1-35
Added Pin To Net: NetName=Net*1_35 Pin=U3-3
Added Net: Name=Net*1_35
Added Pin To Net: NetName=Net*1_36 Pin=*1-36
Added Pin To Net: NetName=Net*1_36 Pin=U4-3
Added Net: Name=Net*1_36
Added Pin To Net: NetName=Net*1_37 Pin=*1-37
Added Pin To Net: NetName=Net*1_37 Pin=U5-3
Added Net: Name=Net*1_37
Added Pin To Net: NetName=NetC2_1 Pin=C2-1
Added Pin To Net: NetName=NetC2_1 Pin=C9-2
Added Pin To Net: NetName=NetC2_1 Pin=C10-2
Added Pin To Net: NetName=NetC2_1 Pin=C14-2
Added Pin To Net: NetName=NetC2_1 Pin=C15-2
Added Pin To Net: NetName=NetC2_1 Pin=C19-2
Added Pin To Net: NetName=NetC2_1 Pin=C20-2
Added Pin To Net: NetName=NetC2_1 Pin=P2-2
Added Pin To Net: NetName=NetC2_1 Pin=P3-2
Added Pin To Net: NetName=NetC2_1 Pin=R13-2
Added Pin To Net: NetName=NetC2_1 Pin=R16-2
Added Pin To Net: NetName=NetC2_1 Pin=R18-2
Added Pin To Net: NetName=NetC2_1 Pin=R21-2
Added Pin To Net: NetName=NetC2_1 Pin=R23-2
Added Pin To Net: NetName=NetC2_1 Pin=R26-2
Added Pin To Net: NetName=NetC2_1 Pin=U2-4
Added Pin To Net: NetName=NetC2_1 Pin=U2-5
Added Pin To Net: NetName=NetC2_1 Pin=U3-8
Added Pin To Net: NetName=NetC2_1 Pin=U3-10
Added Pin To Net: NetName=NetC2_1 Pin=U4-8
Added Pin To Net: NetName=NetC2_1 Pin=U4-10
Added Pin To Net: NetName=NetC2_1 Pin=U5-8
Added Pin To Net: NetName=NetC2_1 Pin=U5-10
Added Net: Name=NetC2_1
Added Pin To Net: NetName=NetC3_1 Pin=C3-1
Added Pin To Net: NetName=NetC3_1 Pin=D1-2
Added Pin To Net: NetName=NetC3_1 Pin=L1-2
Added Pin To Net: NetName=NetC3_1 Pin=U2-3
Added Net: Name=NetC3_1
Added Pin To Net: NetName=NetC3_2 Pin=C3-2
Added Pin To Net: NetName=NetC3_2 Pin=U2-2
Added Net: Name=NetC3_2
Added Pin To Net: NetName=NetC4_1 Pin=C4-1
Added Pin To Net: NetName=NetC4_1 Pin=D2-2
Added Pin To Net: NetName=NetC4_1 Pin=L2-1
Added Pin To Net: NetName=NetC4_1 Pin=U2-6
Added Net: Name=NetC4_1
Added Pin To Net: NetName=NetC4_2 Pin=C4-2
Added Pin To Net: NetName=NetC4_2 Pin=U2-7
Added Net: Name=NetC4_2
Added Pin To Net: NetName=NetC7_1 Pin=C7-1
Added Pin To Net: NetName=NetC7_1 Pin=U2-15
Added Net: Name=NetC7_1
Added Pin To Net: NetName=NetC8_1 Pin=C8-1
Added Pin To Net: NetName=NetC8_1 Pin=U2-10
Added Net: Name=NetC8_1
Added Pin To Net: NetName=NetC9_1 Pin=C9-1
Added Pin To Net: NetName=NetC9_1 Pin=U3-9
Added Net: Name=NetC9_1
Added Pin To Net: NetName=NetC11_1 Pin=C11-1
Added Pin To Net: NetName=NetC11_1 Pin=R15-2
Added Pin To Net: NetName=NetC11_1 Pin=U3-2
Added Net: Name=NetC11_1
Added Pin To Net: NetName=NetC12_1 Pin=C12-1
Added Pin To Net: NetName=NetC12_1 Pin=R17-2
Added Pin To Net: NetName=NetC12_1 Pin=U3-4
Added Net: Name=NetC12_1
Added Pin To Net: NetName=NetC13_2 Pin=C13-2
Added Pin To Net: NetName=NetC13_2 Pin=D3-1
Added Pin To Net: NetName=NetC13_2 Pin=L3-2
Added Pin To Net: NetName=NetC13_2 Pin=R17-1
Added Net: Name=NetC13_2
Added Pin To Net: NetName=NetC14_1 Pin=C14-1
Added Pin To Net: NetName=NetC14_1 Pin=U4-9
Added Net: Name=NetC14_1
Added Pin To Net: NetName=NetC16_1 Pin=C16-1
Added Pin To Net: NetName=NetC16_1 Pin=R20-2
Added Pin To Net: NetName=NetC16_1 Pin=U4-2
Added Net: Name=NetC16_1
Added Pin To Net: NetName=NetC17_1 Pin=C17-1
Added Pin To Net: NetName=NetC17_1 Pin=R22-2
Added Pin To Net: NetName=NetC17_1 Pin=U4-4
Added Net: Name=NetC17_1
Added Pin To Net: NetName=NetC18_2 Pin=C18-2
Added Pin To Net: NetName=NetC18_2 Pin=D5-1
Added Pin To Net: NetName=NetC18_2 Pin=L4-2
Added Pin To Net: NetName=NetC18_2 Pin=R22-1
Added Net: Name=NetC18_2
Added Pin To Net: NetName=NetC19_1 Pin=C19-1
Added Pin To Net: NetName=NetC19_1 Pin=U5-9
Added Net: Name=NetC19_1
Added Pin To Net: NetName=NetC21_1 Pin=C21-1
Added Pin To Net: NetName=NetC21_1 Pin=R25-2
Added Pin To Net: NetName=NetC21_1 Pin=U5-2
Added Net: Name=NetC21_1
Added Pin To Net: NetName=NetC22_1 Pin=C22-1
Added Pin To Net: NetName=NetC22_1 Pin=R27-2
Added Pin To Net: NetName=NetC22_1 Pin=U5-4
Added Net: Name=NetC22_1
Added Pin To Net: NetName=NetC23_2 Pin=C23-2
Added Pin To Net: NetName=NetC23_2 Pin=D7-1
Added Pin To Net: NetName=NetC23_2 Pin=L5-2
Added Pin To Net: NetName=NetC23_2 Pin=R27-1
Added Net: Name=NetC23_2
Added Pin To Net: NetName=NetD1_1 Pin=D1-1
Added Pin To Net: NetName=NetD1_1 Pin=U2-1
Added Net: Name=NetD1_1
Added Pin To Net: NetName=NetD2_1 Pin=D2-1
Added Pin To Net: NetName=NetD2_1 Pin=U2-8
Added Net: Name=NetD2_1
Added Pin To Net: NetName=NetD4_2 Pin=D4-2
Added Pin To Net: NetName=NetD4_2 Pin=L3-1
Added Pin To Net: NetName=NetD4_2 Pin=Q1-3
Added Net: Name=NetD4_2
Added Pin To Net: NetName=NetD6_2 Pin=D6-2
Added Pin To Net: NetName=NetD6_2 Pin=L4-1
Added Pin To Net: NetName=NetD6_2 Pin=Q2-3
Added Net: Name=NetD6_2
Added Pin To Net: NetName=NetD8_2 Pin=D8-2
Added Pin To Net: NetName=NetD8_2 Pin=L5-1
Added Pin To Net: NetName=NetD8_2 Pin=Q3-3
Added Net: Name=NetD8_2
Added Pin To Net: NetName=NetP2_3 Pin=P2-3
Added Pin To Net: NetName=NetP2_3 Pin=P3-3
Added Pin To Net: NetName=NetP2_3 Pin=R6-2
Added Pin To Net: NetName=NetP2_3 Pin=U1-6
Added Net: Name=NetP2_3
Added Pin To Net: NetName=NetP2_4 Pin=P2-4
Added Pin To Net: NetName=NetP2_4 Pin=P3-4
Added Pin To Net: NetName=NetP2_4 Pin=R6-1
Added Pin To Net: NetName=NetP2_4 Pin=U1-7
Added Net: Name=NetP2_4
Added Pin To Net: NetName=NetQ1_1 Pin=Q1-1
Added Pin To Net: NetName=NetQ1_1 Pin=R16-1
Added Pin To Net: NetName=NetQ1_1 Pin=U3-7
Added Net: Name=NetQ1_1
Added Pin To Net: NetName=NetQ2_1 Pin=Q2-1
Added Pin To Net: NetName=NetQ2_1 Pin=R21-1
Added Pin To Net: NetName=NetQ2_1 Pin=U4-7
Added Net: Name=NetQ2_1
Added Pin To Net: NetName=NetQ3_1 Pin=Q3-1
Added Pin To Net: NetName=NetQ3_1 Pin=R26-1
Added Pin To Net: NetName=NetQ3_1 Pin=U5-7
Added Net: Name=NetQ3_1
Added Pin To Net: NetName=NetR7_2 Pin=R7-2
Added Pin To Net: NetName=NetR7_2 Pin=U1-8
Added Net: Name=NetR7_2
Added Pin To Net: NetName=NetR8_1 Pin=R8-1
Added Pin To Net: NetName=NetR8_1 Pin=R10-2
Added Pin To Net: NetName=NetR8_1 Pin=U2-16
Added Net: Name=NetR8_1
Added Pin To Net: NetName=NetR9_1 Pin=R9-1
Added Pin To Net: NetName=NetR9_1 Pin=R11-2
Added Pin To Net: NetName=NetR9_1 Pin=U2-9
Added Net: Name=NetR9_1
Added Pin To Net: NetName=NetR12_2 Pin=R12-2
Added Pin To Net: NetName=NetR12_2 Pin=U2-11
Added Net: Name=NetR12_2
Added Pin To Net: NetName=NetR13_1 Pin=R13-1
Added Pin To Net: NetName=NetR13_1 Pin=R14-2
Added Pin To Net: NetName=NetR13_1 Pin=U3-1
Added Net: Name=NetR13_1
Added Pin To Net: NetName=NetR18_1 Pin=R18-1
Added Pin To Net: NetName=NetR18_1 Pin=R19-2
Added Pin To Net: NetName=NetR18_1 Pin=U4-1
Added Net: Name=NetR18_1
Added Pin To Net: NetName=NetR23_1 Pin=R23-1
Added Pin To Net: NetName=NetR23_1 Pin=R24-2
Added Pin To Net: NetName=NetR23_1 Pin=U5-1
Added Net: Name=NetR23_1
Added Pin To Net: NetName=NRST Pin=*1-20
Added Pin To Net: NetName=NRST Pin=P1-10
Added Pin To Net: NetName=NRST Pin=R5-1
Added Net: Name=NRST
Added Pin To Net: NetName=TCK Pin=P1-4
Added Pin To Net: NetName=TCK Pin=R2-1
Added Net: Name=TCK
Added Pin To Net: NetName=TDI Pin=P1-8
Added Pin To Net: NetName=TDI Pin=R3-1
Added Net: Name=TDI
Added Pin To Net: NetName=TDO Pin=P1-6
Added Pin To Net: NetName=TDO Pin=R4-1
Added Net: Name=TDO
Added Pin To Net: NetName=TMS Pin=P1-2
Added Pin To Net: NetName=TMS Pin=R1-1
Added Net: Name=TMS
Added Class: Name=flbmain
Added Class: Name=U_ARM JTAG Header (vertical)
Added Class: Name=U_CAN Termination Connector (JST)
Added Class: Name=U_CAN Transciever
Added Class: Name=U_Dual 5V+3
Added Class: Name=U_ledcurrentdriver1
Added Class: Name=U_ledcurrentdriver2
Added Class: Name=U_ledcurrentdriver3
Added Class: Name=Power
Added Class: Name=ledcurrentdriver
Added Room: Name=flbmain
Added Room: Name=U_ARM JTAG Header (vertical)
Added Room: Name=U_CAN Termination Connector (JST)
Added Room: Name=U_CAN Transciever
Added Room: Name=U_Dual 5V+3
Added Room: Name=U_ledcurrentdriver1
Added Room: Name=U_ledcurrentdriver2
Added Room: Name=U_ledcurrentdriver3
