Change Component Physical Designator: Old Designator=C1 New Designator=C2
Change Component Physical Designator: Old Designator=C1_U_ledcurrentdriver1 New Designator=C12
Change Component Physical Designator: Old Designator=C1_U_ledcurrentdriver2 New Designator=C17
Change Component Physical Designator: Old Designator=C1_U_ledcurrentdriver3 New Designator=C22
Change Component Physical Designator: Old Designator=C2 New Designator=C3
Change Component Physical Designator: Old Designator=C2_U_ledcurrentdriver1 New Designator=C9
Change Component Physical Designator: Old Designator=C2_U_ledcurrentdriver2 New Designator=C14
Change Component Physical Designator: Old Designator=C2_U_ledcurrentdriver3 New Designator=C19
Change Component Physical Designator: Old Designator=C3 New Designator=C4
Change Component Physical Designator: Old Designator=C3_U_ledcurrentdriver1 New Designator=C10
Change Component Physical Designator: Old Designator=C3_U_ledcurrentdriver2 New Designator=C15
Change Component Physical Designator: Old Designator=C3_U_ledcurrentdriver3 New Designator=C20
Change Component Physical Designator: Old Designator=C4 New Designator=C5
Change Component Physical Designator: Old Designator=C4_U_ledcurrentdriver1 New Designator=C11
Change Component Physical Designator: Old Designator=C4_U_ledcurrentdriver2 New Designator=C16
Change Component Physical Designator: Old Designator=C4_U_ledcurrentdriver3 New Designator=C21
Change Component Physical Designator: Old Designator=C5 New Designator=C6
Change Component Physical Designator: Old Designator=C5_U_ledcurrentdriver1 New Designator=C13
Change Component Physical Designator: Old Designator=C5_U_ledcurrentdriver2 New Designator=C18
Change Component Physical Designator: Old Designator=C5_U_ledcurrentdriver3 New Designator=C23
Change Component Physical Designator: Old Designator=C6 New Designator=C7
Change Component Physical Designator: Old Designator=C7 New Designator=C8
Change Component Physical Designator: Old Designator=D1_U_ledcurrentdriver1 New Designator=D3
Change Component Physical Designator: Old Designator=D1_U_ledcurrentdriver2 New Designator=D5
Change Component Physical Designator: Old Designator=D1_U_ledcurrentdriver3 New Designator=D7
Change Component Physical Designator: Old Designator=D2_U_ledcurrentdriver1 New Designator=D4
Change Component Physical Designator: Old Designator=D2_U_ledcurrentdriver2 New Designator=D6
Change Component Physical Designator: Old Designator=D2_U_ledcurrentdriver3 New Designator=D8
Change Component Physical Designator: Old Designator=L1_U_ledcurrentdriver1 New Designator=L3
Change Component Physical Designator: Old Designator=L1_U_ledcurrentdriver2 New Designator=L4
Change Component Physical Designator: Old Designator=L1_U_ledcurrentdriver3 New Designator=L5
Change Component Physical Designator: Old Designator=P1 New Designator=P2
Change Component Physical Designator: Old Designator=P2 New Designator=P3
Change Component Physical Designator: Old Designator=Q1_U_ledcurrentdriver1 New Designator=Q1
Change Component Physical Designator: Old Designator=Q1_U_ledcurrentdriver2 New Designator=Q2
Change Component Physical Designator: Old Designator=Q1_U_ledcurrentdriver3 New Designator=Q3
Change Component Physical Designator: Old Designator=R1 New Designator=R6
Change Component Physical Designator: Old Designator=R1 New Designator=R7
Change Component Physical Designator: Old Designator=R1 New Designator=R8
Change Component Physical Designator: Old Designator=R1_U_ledcurrentdriver1 New Designator=R13
Change Component Physical Designator: Old Designator=R1_U_ledcurrentdriver2 New Designator=R18
Change Component Physical Designator: Old Designator=R1_U_ledcurrentdriver3 New Designator=R23
Change Component Physical Designator: Old Designator=R2 New Designator=R9
Change Component Physical Designator: Old Designator=R2_U_ledcurrentdriver1 New Designator=R14
Change Component Physical Designator: Old Designator=R2_U_ledcurrentdriver2 New Designator=R19
Change Component Physical Designator: Old Designator=R2_U_ledcurrentdriver3 New Designator=R24
Change Component Physical Designator: Old Designator=R3 New Designator=R10
Change Component Physical Designator: Old Designator=R3_U_ledcurrentdriver1 New Designator=R15
Change Component Physical Designator: Old Designator=R3_U_ledcurrentdriver2 New Designator=R20
Change Component Physical Designator: Old Designator=R3_U_ledcurrentdriver3 New Designator=R25
Change Component Physical Designator: Old Designator=R4 New Designator=R11
Change Component Physical Designator: Old Designator=R4_U_ledcurrentdriver1 New Designator=R16
Change Component Physical Designator: Old Designator=R4_U_ledcurrentdriver2 New Designator=R21
Change Component Physical Designator: Old Designator=R4_U_ledcurrentdriver3 New Designator=R26
Change Component Physical Designator: Old Designator=R5 New Designator=R12
Change Component Physical Designator: Old Designator=R5_U_ledcurrentdriver1 New Designator=R17
Change Component Physical Designator: Old Designator=R5_U_ledcurrentdriver2 New Designator=R22
Change Component Physical Designator: Old Designator=R5_U_ledcurrentdriver3 New Designator=R27
Change Component Physical Designator: Old Designator=U1 New Designator=U2
Change Component Physical Designator: Old Designator=U1_U_ledcurrentdriver1 New Designator=U3
Change Component Physical Designator: Old Designator=U1_U_ledcurrentdriver2 New Designator=U4
Change Component Physical Designator: Old Designator=U1_U_ledcurrentdriver3 New Designator=U5
