Removed Pin From Net: NetName=NetC2_1 Pin=C9-2
Removed Pin From Net: NetName=GND Pin=C10-1
Removed Pin From Net: NetName=NetC2_1 Pin=C10-2
Removed Pin From Net: NetName=GND Pin=C11-2
Removed Pin From Net: NetName=GND Pin=C12-2
Removed Pin From Net: NetName=GND Pin=C13-1
Removed Pin From Net: NetName=NetC2_1 Pin=C14-2
Removed Pin From Net: NetName=GND Pin=C15-1
Removed Pin From Net: NetName=NetC2_1 Pin=C15-2
Removed Pin From Net: NetName=GND Pin=C16-2
Removed Pin From Net: NetName=GND Pin=C17-2
Removed Pin From Net: NetName=GND Pin=C18-1
Removed Pin From Net: NetName=NetC2_1 Pin=C19-2
Removed Pin From Net: NetName=GND Pin=C20-1
Removed Pin From Net: NetName=NetC2_1 Pin=C20-2
Removed Pin From Net: NetName=GND Pin=C21-2
Removed Pin From Net: NetName=GND Pin=C22-2
Removed Pin From Net: NetName=GND Pin=C23-1
Removed Pin From Net: NetName=GND Pin=D3-2
Removed Pin From Net: NetName=GND Pin=D4-1
Removed Pin From Net: NetName=GND Pin=D5-2
Removed Pin From Net: NetName=GND Pin=D6-1
Removed Pin From Net: NetName=GND Pin=D7-2
Removed Pin From Net: NetName=GND Pin=D8-1
Removed Pin From Net: NetName=NetC2_1 Pin=R13-2
Removed Pin From Net: NetName=GND Pin=R14-1
Removed Pin From Net: NetName=NetC2_1 Pin=R16-2
Removed Pin From Net: NetName=NetC2_1 Pin=R18-2
Removed Pin From Net: NetName=GND Pin=R19-1
Removed Pin From Net: NetName=NetC2_1 Pin=R21-2
Removed Pin From Net: NetName=NetC2_1 Pin=R23-2
Removed Pin From Net: NetName=GND Pin=R24-1
Removed Pin From Net: NetName=NetC2_1 Pin=R26-2
Removed Pin From Net: NetName=GND Pin=U3-5
Removed Pin From Net: NetName=NetC2_1 Pin=U3-8
Removed Pin From Net: NetName=NetC2_1 Pin=U3-10
Removed Pin From Net: NetName=GND Pin=U3-11
Removed Pin From Net: NetName=GND Pin=U4-5
Removed Pin From Net: NetName=NetC2_1 Pin=U4-8
Removed Pin From Net: NetName=NetC2_1 Pin=U4-10
Removed Pin From Net: NetName=GND Pin=U4-11
Removed Pin From Net: NetName=GND Pin=U5-5
Removed Pin From Net: NetName=NetC2_1 Pin=U5-8
Removed Pin From Net: NetName=NetC2_1 Pin=U5-10
Removed Pin From Net: NetName=GND Pin=U5-11
