Removed Member From Class: ClassName=Power Member=GND
Change Component Designator: OldDesignator=C1_U_ledcurrentdriver1 NewDesignator=C12
Change Component Designator: OldDesignator=C1_U_ledcurrentdriver2 NewDesignator=C17
Change Component Designator: OldDesignator=C1_U_ledcurrentdriver3 NewDesignator=C22
Change Component Designator: OldDesignator=C2_U_ledcurrentdriver2 NewDesignator=C14
Change Component Designator: OldDesignator=C2_U_ledcurrentdriver3 NewDesignator=C19
Change Component Designator: OldDesignator=C3_U_ledcurrentdriver1 NewDesignator=C10
Change Component Designator: OldDesignator=C3_U_ledcurrentdriver2 NewDesignator=C15
Change Component Designator: OldDesignator=C3_U_ledcurrentdriver3 NewDesignator=C20
Change Component Designator: OldDesignator=C4_U_ledcurrentdriver1 NewDesignator=C11
Change Component Designator: OldDesignator=C4_U_ledcurrentdriver2 NewDesignator=C16
Change Component Designator: OldDesignator=C4_U_ledcurrentdriver3 NewDesignator=C21
Change Component Designator: OldDesignator=C5_U_ledcurrentdriver1 NewDesignator=C13
Change Component Designator: OldDesignator=C5_U_ledcurrentdriver2 NewDesignator=C18
Change Component Designator: OldDesignator=C5_U_ledcurrentdriver3 NewDesignator=C23
Change Component Designator: OldDesignator=D1_U_ledcurrentdriver1 NewDesignator=D3
Change Component Designator: OldDesignator=D1_U_ledcurrentdriver2 NewDesignator=D5
Change Component Designator: OldDesignator=D1_U_ledcurrentdriver3 NewDesignator=D7
Change Component Designator: OldDesignator=D2_U_ledcurrentdriver1 NewDesignator=D4
Change Component Designator: OldDesignator=D2_U_ledcurrentdriver2 NewDesignator=D6
Change Component Designator: OldDesignator=D2_U_ledcurrentdriver3 NewDesignator=D8
Change Component Designator: OldDesignator=L1_U_ledcurrentdriver1 NewDesignator=L3
Change Component Designator: OldDesignator=L1_U_ledcurrentdriver2 NewDesignator=L4
Change Component Designator: OldDesignator=L1_U_ledcurrentdriver3 NewDesignator=L5
Change Component Designator: OldDesignator=Q1_U_ledcurrentdriver1 NewDesignator=Q1
Change Component Designator: OldDesignator=Q1_U_ledcurrentdriver2 NewDesignator=Q2
Change Component Designator: OldDesignator=Q1_U_ledcurrentdriver3 NewDesignator=Q3
Change Component Designator: OldDesignator=R1_U_ledcurrentdriver1 NewDesignator=R13
Change Component Designator: OldDesignator=R1_U_ledcurrentdriver2 NewDesignator=R18
Change Component Designator: OldDesignator=R1_U_ledcurrentdriver3 NewDesignator=R23
Change Component Designator: OldDesignator=R2_U_ledcurrentdriver1 NewDesignator=R14
Change Component Designator: OldDesignator=R2_U_ledcurrentdriver2 NewDesignator=R19
Change Component Designator: OldDesignator=R2_U_ledcurrentdriver3 NewDesignator=R24
Change Component Designator: OldDesignator=R3_U_ledcurrentdriver1 NewDesignator=R15
Change Component Designator: OldDesignator=R3_U_ledcurrentdriver2 NewDesignator=R20
Change Component Designator: OldDesignator=R3_U_ledcurrentdriver3 NewDesignator=R25
Change Component Designator: OldDesignator=R4_U_ledcurrentdriver1 NewDesignator=R16
Change Component Designator: OldDesignator=R4_U_ledcurrentdriver2 NewDesignator=R21
Change Component Designator: OldDesignator=R4_U_ledcurrentdriver3 NewDesignator=R26
Change Component Designator: OldDesignator=R5_U_ledcurrentdriver1 NewDesignator=R17
Change Component Designator: OldDesignator=R5_U_ledcurrentdriver2 NewDesignator=R22
Change Component Designator: OldDesignator=R5_U_ledcurrentdriver3 NewDesignator=R27
Change Component Designator: OldDesignator=U1_U_ledcurrentdriver1 NewDesignator=U3
Change Component Designator: OldDesignator=U1_U_ledcurrentdriver2 NewDesignator=U4
Change Component Designator: OldDesignator=U1_U_ledcurrentdriver3 NewDesignator=U5
Added Component: Designator=C?1(RAD-0.3)
Added Component: Designator=C?2(RAD-0.3)
Added Pin To Net: NetName=GND Pin=*1-21
Added Pin To Net: NetName=GND Pin=*1-52
Added Pin To Net: NetName=GND Pin=*1-64
Added Pin To Net: NetName=GND Pin=C?1-1
Added Pin To Net: NetName=GND Pin=C?1-2
Added Pin To Net: NetName=GND Pin=C?2-1
Added Pin To Net: NetName=GND Pin=C?2-2
Change Net Name : Old Net Name=GND New Net Name=+5V
Change Net Name : Old Net Name=NetC1_U_ledcurrentdriver1_1 New Net Name=NetC12_1
Change Net Name : Old Net Name=NetC1_U_ledcurrentdriver2_1 New Net Name=NetC17_1
Change Net Name : Old Net Name=NetC1_U_ledcurrentdriver3_1 New Net Name=NetC22_1
Change Net Name : Old Net Name=NetC2_U_ledcurrentdriver2_1 New Net Name=NetC14_1
Change Net Name : Old Net Name=NetC2_U_ledcurrentdriver3_1 New Net Name=NetC19_1
Change Net Name : Old Net Name=NetC4_U_ledcurrentdriver1_1 New Net Name=NetC11_1
Change Net Name : Old Net Name=NetC4_U_ledcurrentdriver2_1 New Net Name=NetC16_1
Change Net Name : Old Net Name=NetC4_U_ledcurrentdriver3_1 New Net Name=NetC21_1
Change Net Name : Old Net Name=NetC5_U_ledcurrentdriver1_2 New Net Name=NetC13_2
Change Net Name : Old Net Name=NetC5_U_ledcurrentdriver2_2 New Net Name=NetC18_2
Change Net Name : Old Net Name=NetC5_U_ledcurrentdriver3_2 New Net Name=NetC23_2
Change Net Name : Old Net Name=NetD2_U_ledcurrentdriver1_2 New Net Name=NetD4_2
Change Net Name : Old Net Name=NetD2_U_ledcurrentdriver2_2 New Net Name=NetD6_2
Change Net Name : Old Net Name=NetD2_U_ledcurrentdriver3_2 New Net Name=NetD8_2
Change Net Name : Old Net Name=NetQ1_U_ledcurrentdriver1_1 New Net Name=NetQ1_1
Change Net Name : Old Net Name=NetQ1_U_ledcurrentdriver2_1 New Net Name=NetQ2_1
Change Net Name : Old Net Name=NetQ1_U_ledcurrentdriver3_1 New Net Name=NetQ3_1
Change Net Name : Old Net Name=NetR1_U_ledcurrentdriver1_1 New Net Name=NetR13_1
Change Net Name : Old Net Name=NetR1_U_ledcurrentdriver2_1 New Net Name=NetR18_1
Change Net Name : Old Net Name=NetR1_U_ledcurrentdriver3_1 New Net Name=NetR23_1
Added Member To Class: ClassName=flbmain Member=Component C?1 (C6) Cap
Added Member To Class: ClassName=flbmain Member=Component C?2 (C7) Cap
Added Member To Class: ClassName=Power Member=Wire +5V
